#
# A fatal error has been detected by the Java Runtime Environment:
#
#  SIGSEGV (0xb) at pc=0x0000000107fa5ab0, pid=24208, tid=45059
#
# JRE version: Java(TM) SE Runtime Environment (8.0_20-b26) (build 1.8.0_20-b26)
# Java VM: Java HotSpot(TM) 64-Bit Server VM (25.20-b23 mixed mode bsd-amd64 compressed oops)
# Problematic frame:
# V  [libjvm.dylib+0x3a5ab0]  LinkResolver::resolve_invokeinterface(CallInfo&, Handle, constantPoolHandle, int, Thread*)+0x100
#
# Failed to write core dump. Core dumps have been disabled. To enable core dumping, try "ulimit -c unlimited" before starting Java again
#
# If you would like to submit a bug report, please visit:
#   http://bugreport.sun.com/bugreport/crash.jsp
#

---------------  T H R E A D  ---------------

Current thread (0x00007fdff48ec000):  JavaThread "Thread-6" [_thread_in_vm, id=45059, stack(0x00000001269c1000,0x0000000126ac1000)]

siginfo: si_signo: 11 (SIGSEGV), si_code: 1 (SEGV_MAPERR), si_addr: 0x000000003d0ff008

Registers:
RAX=0x000000003d0ff000, RBX=0x00000001212c0870, RCX=0x0000000000000003, RDX=0x00007fdff80e9a80
RSP=0x0000000126abed20, RBP=0x0000000126abeda0, RSI=0x00000001083f0db0, RDI=0x00007fdff2306cc0
R8 =0x0000000126abed60, R9 =0x0000000000000011, R10=0x00000007ad02e258, R11=0x00000000f2099d82
R12=0x00007fdff0f12298, R13=0x0000000126abfc50, R14=0x00007fdff48ec000, R15=0x0000000000000011
RIP=0x0000000107fa5ab0, EFLAGS=0x0000000000010202, ERR=0x0000000000000004
  TRAPNO=0x000000000000000e

Top of Stack: (sp=0x0000000126abed20)
0x0000000126abed20:   00007fdff48ec000 00007fdff48ec000
0x0000000126abed30:   00000001212c0870 000000011b54f770
0x0000000126abed40:   00000007c07f8cb8 000000011b551220
0x0000000126abed50:   000000011b54f770 00000007c07f94d0
0x0000000126abed60:   00000001212c0870 00007fdff48ec000
0x0000000126abed70:   00000001212c0870 00007fdff0f12298
0x0000000126abed80:   0000000126abfc50 00000001212c0870
0x0000000126abed90:   00007fdff48ec000 0000000000000011
0x0000000126abeda0:   0000000126abee70 0000000107fa69b0
0x0000000126abedb0:   0000000126abee10 ffffffffffffffff
0x0000000126abedc0:   00000030212c0870 0000000126abef10
0x0000000126abedd0:   00007fdff48ec000 0000000126abeee0
0x0000000126abede0:   00007fdff48ec000 0000000126abef10
0x0000000126abedf0:   0000000126abee20 00000001080b3150
0x0000000126abee00:   0000000126abee30 00000001212c0870
0x0000000126abee10:   00007fdff48ec000 000000000000000c
0x0000000126abee20:   00000001212c0870 0000000107e3aad1
0x0000000126abee30:   0000000122474718 0000000126ac06e0
0x0000000126abee40:   0000000109b524a4 000000012246f5e0
0x0000000126abee50:   00007fdff0f12298 0000000126abf4f8
0x0000000126abee60:   00007fdff48ec000 00000001212c0870
0x0000000126abee70:   0000000126abf550 00000001080b46f3
0x0000000126abee80:   00007fdff48ec000 0000001126abef58
0x0000000126abee90:   0000000126abfc50 00000001000000b9
0x0000000126abeea0:   0000000122474718 00007fdff48ec000
0x0000000126abeeb0:   0000000126ac06e0 0000000109b524a4
0x0000000126abeec0:   0000000109b51e10 00007fdf00000000
0x0000000126abeed0:   00000007ad02e258 0000000126ac06e0
0x0000000126abeee0:   0000000126ac0440 0000000108c63fda
0x0000000126abeef0:   0000000108c63f10 0000000300000000
0x0000000126abef00:   0000000000000000 0000000126ac0440
0x0000000126abef10:   0000000126ac06b8 0000000126ac06bc 

Instructions: (pc=0x0000000107fa5ab0)
0x0000000107fa5a90:   75 04 31 d2 eb 29 48 8d 05 67 da 4e 00 80 38 00
0x0000000107fa5aa0:   49 8b 04 24 74 15 48 8d 35 03 b3 44 00 8a 4e 08
0x0000000107fa5ab0:   8b 50 08 48 d3 e2 48 03 16 eb 04 48 8b 50 08 48
0x0000000107fa5ac0:   8b 4d b8 4c 8b 45 b0 4c 8b 4d a8 4c 89 74 24 18 

Register to memory mapping:

RAX=0x000000003d0ff000 is an unknown value
RBX=0x00000001212c0870 is pointing into metadata
RCX=0x0000000000000003 is an unknown value
RDX=0x00007fdff80e9a80 is an unknown value
RSP=0x0000000126abed20 is pointing into the stack for thread: 0x00007fdff48ec000
RBP=0x0000000126abeda0 is pointing into the stack for thread: 0x00007fdff48ec000
RSI=0x00000001083f0db0: _ZN8Universe13_narrow_klassE+0 in /Library/Java/JavaVirtualMachines/jdk1.8.0_20.jdk/Contents/Home/jre/lib/server/libjvm.dylib at 0x0000000107c00000
RDI=0x00007fdff2306cc0 is an unknown value
R8 =0x0000000126abed60 is pointing into the stack for thread: 0x00007fdff48ec000
R9 =0x0000000000000011 is an unknown value
R10=0x00000007ad02e258 is an oop
java.util.concurrent.ConcurrentHashMap$Traverser 
 - klass: 'java/util/concurrent/ConcurrentHashMap$Traverser'
R11=0x00000000f2099d82 is an unknown value
R12=0x00007fdff0f12298 is an unknown value
R13=0x0000000126abfc50 is pointing into the stack for thread: 0x00007fdff48ec000
R14=0x00007fdff48ec000 is a thread
R15=0x0000000000000011 is an unknown value


Stack: [0x00000001269c1000,0x0000000126ac1000],  sp=0x0000000126abed20,  free space=1015k
Native frames: (J=compiled Java code, j=interpreted, Vv=VM code, C=native code)
V  [libjvm.dylib+0x3a5ab0]  LinkResolver::resolve_invokeinterface(CallInfo&, Handle, constantPoolHandle, int, Thread*)+0x100
V  [libjvm.dylib+0x3a69b0]  LinkResolver::resolve_invoke(CallInfo&, Handle, constantPoolHandle, int, Bytecodes::Code, Thread*)+0x3ce
V  [libjvm.dylib+0x4b46f3]  SharedRuntime::find_callee_info_helper(JavaThread*, vframeStream&, Bytecodes::Code&, CallInfo&, Thread*)+0x34d
V  [libjvm.dylib+0x4b4ff4]  SharedRuntime::find_callee_info(JavaThread*, Bytecodes::Code&, CallInfo&, Thread*)+0x76
V  [libjvm.dylib+0x4b5886]  SharedRuntime::resolve_sub_helper(JavaThread*, bool, bool, Thread*)+0x19a
V  [libjvm.dylib+0x4b5dbd]  SharedRuntime::resolve_helper(JavaThread*, bool, bool, Thread*)+0x35
V  [libjvm.dylib+0x4b60d2]  SharedRuntime::resolve_virtual_call_C(JavaThread*)+0x38
v  ~RuntimeStub::resolve_virtual_call
J 12098 C2 controllers.pair.PairResult.lambda$Pair$4(JLjava/util/TreeSet;Lorg/bson/types/ObjectId;Lcontrollers/pair/UserTable;)V (36 bytes) @ 0x0000000109b524a4 [0x0000000109b52020+0x484]

Java frames: (J=compiled Java code, j=interpreted, Vv=VM code)
v  ~RuntimeStub::resolve_virtual_call
J 12098 C2 controllers.pair.PairResult.lambda$Pair$4(JLjava/util/TreeSet;Lorg/bson/types/ObjectId;Lcontrollers/pair/UserTable;)V (36 bytes) @ 0x0000000109b524a4 [0x0000000109b52020+0x484]
J 10590 C1 controllers.pair.PairResult$$Lambda$2.accept(Ljava/lang/Object;Ljava/lang/Object;)V (20 bytes) @ 0x000000010906b334 [0x000000010906b0e0+0x254]
J 10574 C2 java.util.concurrent.ConcurrentHashMap.forEach(Ljava/util/function/BiConsumer;)V (65 bytes) @ 0x000000010a3a0848 [0x000000010a3a0420+0x428]
j  controllers.pair.PairResult.Pair()V+23
j  controllers.pair.PairResult.run()V+1
j  java.lang.Thread.run()V+11
v  ~StubRoutines::call_stub

---------------  P R O C E S S  ---------------

Java Threads: ( => current thread )
  0x00007fdff7422800 JavaThread "play-akka.actor.default-dispatcher-7" [_thread_blocked, id=48131, stack(0x00000001271d3000,0x00000001272d3000)]
  0x00007fdff3807000 JavaThread "play-akka.actor.default-dispatcher-6" [_thread_blocked, id=47619, stack(0x00000001270d0000,0x00000001271d0000)]
  0x00007fdff4152800 JavaThread "play-akka.actor.default-dispatcher-5" [_thread_blocked, id=47107, stack(0x0000000126fcd000,0x00000001270cd000)]
  0x00007fdff5cf5800 JavaThread "Timer-1" [_thread_blocked, id=46595, stack(0x0000000126eca000,0x0000000126fca000)]
  0x00007fdff5cf8800 JavaThread "Timer-0" [_thread_blocked, id=46083, stack(0x0000000126dc7000,0x0000000126ec7000)]
  0x00007fdff7038800 JavaThread "Thread-7" [_thread_blocked, id=45571, stack(0x0000000126ac4000,0x0000000126bc4000)]
=>0x00007fdff48ec000 JavaThread "Thread-6" [_thread_in_vm, id=45059, stack(0x00000001269c1000,0x0000000126ac1000)]
  0x00007fdff660e800 JavaThread "Thread-5" [_thread_blocked, id=44547, stack(0x00000001268be000,0x00000001269be000)]
  0x00007fdff709f800 JavaThread "play-akka.actor.default-dispatcher-4" [_thread_blocked, id=44035, stack(0x00000001265bb000,0x00000001266bb000)]
  0x00007fdff5d80800 JavaThread "play-akka.actor.default-dispatcher-3" [_thread_blocked, id=41483, stack(0x00000001264b8000,0x00000001265b8000)]
  0x00007fdff697d800 JavaThread "play-akka.actor.default-dispatcher-2" [_thread_blocked, id=42507, stack(0x0000000125444000,0x0000000125544000)]
  0x00007fdff74fa000 JavaThread "play-scheduler-1" [_thread_blocked, id=42255, stack(0x0000000124e21000,0x0000000124f21000)]
  0x00007fdff79ff800 JavaThread "MongoCleaner495154095" daemon [_thread_blocked, id=39691, stack(0x0000000125ccd000,0x0000000125dcd000)]
  0x00007fdff40c1000 JavaThread "cluster-1-localhost:27017" daemon [_thread_blocked, id=43279, stack(0x000000012555a000,0x000000012565a000)]
  0x00007fdff60ac800 JavaThread "net.sf.ehcache.CacheManager@4bf67f3c" daemon [_thread_blocked, id=39435, stack(0x0000000124fae000,0x00000001250ae000)]
  0x00007fdff5dff000 JavaThread "play-internal-execution-context-1" daemon [_thread_blocked, id=38659, stack(0x0000000124d1e000,0x0000000124e1e000)]
  0x00007fdff79ba000 JavaThread "New I/O server boss #17" [_thread_in_native, id=38147, stack(0x0000000124a1b000,0x0000000124b1b000)]
  0x00007fdff68da000 JavaThread "New I/O worker #16" [_thread_in_native, id=37635, stack(0x0000000124918000,0x0000000124a18000)]
  0x00007fdff68d7800 JavaThread "New I/O worker #15" [_thread_in_native, id=37123, stack(0x0000000124815000,0x0000000124915000)]
  0x00007fdff68d6800 JavaThread "New I/O worker #14" [_thread_in_native, id=36611, stack(0x0000000124712000,0x0000000124812000)]
  0x00007fdff69b5800 JavaThread "New I/O worker #13" [_thread_in_native, id=36099, stack(0x000000012460f000,0x000000012470f000)]
  0x00007fdff70ec000 JavaThread "New I/O worker #12" [_thread_in_native, id=35587, stack(0x000000012450c000,0x000000012460c000)]
  0x00007fdff7a75800 JavaThread "New I/O worker #11" [_thread_in_native, id=35075, stack(0x0000000124409000,0x0000000124509000)]
  0x00007fdff5dea000 JavaThread "New I/O worker #10" [_thread_in_native, id=34563, stack(0x0000000124306000,0x0000000124406000)]
  0x00007fdff7392000 JavaThread "New I/O worker #9" [_thread_in_native, id=34051, stack(0x0000000124203000,0x0000000124303000)]
  0x00007fdff6750800 JavaThread "New I/O worker #8" [_thread_in_native, id=33539, stack(0x0000000124100000,0x0000000124200000)]
  0x00007fdff7a72800 JavaThread "New I/O worker #7" [_thread_in_native, id=33027, stack(0x0000000123ffd000,0x00000001240fd000)]
  0x00007fdff7a6c800 JavaThread "New I/O worker #6" [_thread_in_native, id=32515, stack(0x0000000123efa000,0x0000000123ffa000)]
  0x00007fdff69b4800 JavaThread "New I/O worker #5" [_thread_in_native, id=32003, stack(0x0000000123df7000,0x0000000123ef7000)]
  0x00007fdff789f800 JavaThread "New I/O worker #4" [_thread_in_native, id=31491, stack(0x0000000123cf4000,0x0000000123df4000)]
  0x00007fdff5e27800 JavaThread "New I/O worker #3" [_thread_in_native, id=30979, stack(0x0000000123bf1000,0x0000000123cf1000)]
  0x00007fdff5899800 JavaThread "New I/O worker #2" [_thread_in_native, id=30467, stack(0x0000000123aee000,0x0000000123bee000)]
  0x00007fdff5db9000 JavaThread "New I/O worker #1" [_thread_in_native, id=29955, stack(0x000000012377e000,0x000000012387e000)]
  0x00007fdff68c0800 JavaThread "FSEvent thread" daemon [_thread_in_native, id=14347, stack(0x0000000122c6d000,0x0000000122d6d000)]
  0x00007fdff485f000 JavaThread "pool-4-thread-6" [_thread_blocked, id=26883, stack(0x000000012307b000,0x000000012317b000)]
  0x00007fdff485e000 JavaThread "pool-4-thread-5" [_thread_in_native, id=24587, stack(0x0000000122f78000,0x0000000123078000)]
  0x00007fdff485d800 JavaThread "pool-4-thread-4" [_thread_blocked, id=24847, stack(0x0000000122e75000,0x0000000122f75000)]
  0x00007fdff3735800 JavaThread "pool-4-thread-3" [_thread_blocked, id=26127, stack(0x0000000122d72000,0x0000000122e72000)]
  0x00007fdff78aa000 JavaThread "pool-4-thread-2" [_thread_blocked, id=26379, stack(0x0000000121f54000,0x0000000122054000)]
  0x00007fdff6ac9800 JavaThread "pool-4-thread-1" [_thread_blocked, id=23567, stack(0x0000000121e51000,0x0000000121f51000)]
  0x00007fdff66a5000 JavaThread "sbt-web-akka.actor.default-dispatcher-4" [_thread_blocked, id=26635, stack(0x000000012296a000,0x0000000122a6a000)]
  0x00007fdff7260000 JavaThread "sbt-web-akka.actor.default-dispatcher-3" [_thread_blocked, id=23311, stack(0x0000000121a99000,0x0000000121b99000)]
  0x00007fdff78ac800 JavaThread "sbt-web-scheduler-1" [_thread_blocked, id=24079, stack(0x0000000122867000,0x0000000122967000)]
  0x00007fdff30d9800 JavaThread "process reaper" daemon [_thread_blocked, id=21763, stack(0x00000001203b4000,0x00000001203dc000)]
  0x00007fdff2828800 JavaThread "Service Thread" daemon [_thread_blocked, id=20739, stack(0x000000011f49b000,0x000000011f59b000)]
  0x00007fdff103f800 JavaThread "C1 CompilerThread3" daemon [_thread_blocked, id=20227, stack(0x000000011f398000,0x000000011f498000)]
  0x00007fdff3009800 JavaThread "C2 CompilerThread2" daemon [_thread_blocked, id=19715, stack(0x000000011f295000,0x000000011f395000)]
  0x00007fdff2828000 JavaThread "C2 CompilerThread1" daemon [_thread_blocked, id=19203, stack(0x000000011f192000,0x000000011f292000)]
  0x00007fdff281b800 JavaThread "C2 CompilerThread0" daemon [_thread_blocked, id=18691, stack(0x000000011f08f000,0x000000011f18f000)]
  0x00007fdff281b000 JavaThread "Signal Dispatcher" daemon [_thread_blocked, id=15379, stack(0x000000011ef8c000,0x000000011f08c000)]
  0x00007fdff3007000 JavaThread "Finalizer" daemon [_thread_blocked, id=13571, stack(0x000000011d657000,0x000000011d757000)]
  0x00007fdff3006800 JavaThread "Reference Handler" daemon [_thread_blocked, id=13059, stack(0x000000011d554000,0x000000011d654000)]
  0x00007fdff100b000 JavaThread "main" [_thread_blocked, id=4867, stack(0x0000000108b1c000,0x0000000108c1c000)]

Other Threads:
  0x00007fdff101d000 VMThread [stack: 0x000000011d451000,0x000000011d551000] [id=12547]
  0x00007fdff2802000 WatcherThread [stack: 0x000000011f59e000,0x000000011f69e000] [id=21251]

VM state:not at safepoint (normal execution)

VM Mutex/Monitor currently owned by a thread: None

Heap:
 PSYoungGen      total 302080K, used 53774K [0x00000007aab00000, 0x00000007c0000000, 0x00000007c0000000)
  eden space 255488K, 15% used [0x00000007aab00000,0x00000007ad0f3988,0x00000007ba480000)
  from space 46592K, 32% used [0x00000007ba480000,0x00000007bb310000,0x00000007bd200000)
  to   space 45568K, 0% used [0x00000007bd380000,0x00000007bd380000,0x00000007c0000000)
 ParOldGen       total 699392K, used 294033K [0x0000000780000000, 0x00000007aab00000, 0x00000007aab00000)
  object space 699392K, 42% used [0x0000000780000000,0x0000000791f24420,0x00000007aab00000)
 Metaspace       used 73507K, capacity 74250K, committed 74368K, reserved 1110016K
  class space    used 13100K, capacity 13335K, committed 13440K, reserved 1048576K

Card table byte_map: [0x0000000117fde000,0x00000001181df000] byte_map_base: 0x00000001143de000

Marking Bits: (ParMarkBitMap*) 0x000000010849c330
 Begin Bits: [0x0000000118b4d000, 0x0000000119b4d000)
 End Bits:   [0x0000000119b4d000, 0x000000011ab4d000)

Polling page: 0x0000000106ba7000

CodeCache: size=245760Kb used=28278Kb max_used=29230Kb free=217481Kb
 bounds [0x0000000108c1e000, 0x000000010a93e000, 0x0000000117c1e000]
 total_blobs=10322 nmethods=9799 adapters=435
 compilation: enabled

Compilation events (10 events):
Event: 55.699 Thread 0x00007fdff2828000 nmethod 12091 0x0000000108eaf4d0 code [0x0000000108eaf620, 0x0000000108eaf678]
Event: 55.700 Thread 0x00007fdff3009800 nmethod 12092 0x0000000109c523d0 code [0x0000000109c52520, 0x0000000109c52618]
Event: 55.700 Thread 0x00007fdff281b800 nmethod 12094 0x0000000108df1790 code [0x0000000108df18e0, 0x0000000108df19b8]
Event: 55.748 Thread 0x00007fdff2828000 12095       4       akka.actor.LightArrayRevolverScheduler$TaskQueue::<init> (5 bytes)
Event: 55.749 Thread 0x00007fdff2828000 nmethod 12095 0x0000000108f1ddd0 code [0x0000000108f1df20, 0x0000000108f1e018]
Event: 56.586 Thread 0x00007fdff103f800 12096       1       java.nio.DirectByteBuffer::isDirect (2 bytes)
Event: 56.586 Thread 0x00007fdff103f800 nmethod 12096 0x0000000108f5dc50 code [0x0000000108f5dda0, 0x0000000108f5deb0]
Event: 57.269 Thread 0x00007fdff3009800 12097       4       controllers.pair.PairResult$$Lambda$2/1297276225::accept (20 bytes)
Event: 57.269 Thread 0x00007fdff281b800 12098       4       controllers.pair.PairResult::lambda$Pair$4 (36 bytes)
Event: 57.279 Thread 0x00007fdff281b800 nmethod 12098 0x0000000109b51e10 code [0x0000000109b52020, 0x0000000109b527f8]

GC Heap History (10 events):
Event: 48.880 GC heap before
{Heap before GC invocations=22 (full 1):
 PSYoungGen      total 296960K, used 256064K [0x00000007aab00000, 0x00000007c0000000, 0x00000007c0000000)
  eden space 244224K, 100% used [0x00000007aab00000,0x00000007b9980000,0x00000007b9980000)
  from space 52736K, 22% used [0x00000007bcc80000,0x00000007bd810000,0x00000007c0000000)
  to   space 52224K, 0% used [0x00000007b9980000,0x00000007b9980000,0x00000007bcc80000)
 ParOldGen       total 699392K, used 209143K [0x0000000780000000, 0x00000007aab00000, 0x00000007aab00000)
  object space 699392K, 29% used [0x0000000780000000,0x000000078cc3dfe0,0x00000007aab00000)
 Metaspace       used 73490K, capacity 74250K, committed 74368K, reserved 1110016K
  class space    used 13099K, capacity 13335K, committed 13440K, reserved 1048576K
Event: 48.904 GC heap after
Heap after GC invocations=22 (full 1):
 PSYoungGen      total 296448K, used 25056K [0x00000007aab00000, 0x00000007c0000000, 0x00000007c0000000)
  eden space 244224K, 0% used [0x00000007aab00000,0x00000007aab00000,0x00000007b9980000)
  from space 52224K, 47% used [0x00000007b9980000,0x00000007bb1f8000,0x00000007bcc80000)
  to   space 50176K, 0% used [0x00000007bcf00000,0x00000007bcf00000,0x00000007c0000000)
 ParOldGen       total 699392K, used 220076K [0x0000000780000000, 0x00000007aab00000, 0x00000007aab00000)
  object space 699392K, 31% used [0x0000000780000000,0x000000078d6eb1a0,0x00000007aab00000)
 Metaspace       used 73490K, capacity 74250K, committed 74368K, reserved 1110016K
  class space    used 13099K, capacity 13335K, committed 13440K, reserved 1048576K
}
Event: 51.236 GC heap before
{Heap before GC invocations=23 (full 1):
 PSYoungGen      total 296448K, used 269280K [0x00000007aab00000, 0x00000007c0000000, 0x00000007c0000000)
  eden space 244224K, 100% used [0x00000007aab00000,0x00000007b9980000,0x00000007b9980000)
  from space 52224K, 47% used [0x00000007b9980000,0x00000007bb1f8000,0x00000007bcc80000)
  to   space 50176K, 0% used [0x00000007bcf00000,0x00000007bcf00000,0x00000007c0000000)
 ParOldGen       total 699392K, used 220076K [0x0000000780000000, 0x00000007aab00000, 0x00000007aab00000)
  object space 699392K, 31% used [0x0000000780000000,0x000000078d6eb1a0,0x00000007aab00000)
 Metaspace       used 73491K, capacity 74250K, committed 74368K, reserved 1110016K
  class space    used 13099K, capacity 13335K, committed 13440K, reserved 1048576K
Event: 51.267 GC heap after
Heap after GC invocations=23 (full 1):
 PSYoungGen      total 300032K, used 13344K [0x00000007aab00000, 0x00000007c0000000, 0x00000007c0000000)
  eden space 249856K, 0% used [0x00000007aab00000,0x00000007aab00000,0x00000007b9f00000)
  from space 50176K, 26% used [0x00000007bcf00000,0x00000007bdc08000,0x00000007c0000000)
  to   space 49152K, 0% used [0x00000007b9f00000,0x00000007b9f00000,0x00000007bcf00000)
 ParOldGen       total 699392K, used 244665K [0x0000000780000000, 0x00000007aab00000, 0x00000007aab00000)
  object space 699392K, 34% used [0x0000000780000000,0x000000078eeee410,0x00000007aab00000)
 Metaspace       used 73491K, capacity 74250K, committed 74368K, reserved 1110016K
  class space    used 13099K, capacity 13335K, committed 13440K, reserved 1048576K
}
Event: 52.947 GC heap before
{Heap before GC invocations=24 (full 1):
 PSYoungGen      total 300032K, used 263200K [0x00000007aab00000, 0x00000007c0000000, 0x00000007c0000000)
  eden space 249856K, 100% used [0x00000007aab00000,0x00000007b9f00000,0x00000007b9f00000)
  from space 50176K, 26% used [0x00000007bcf00000,0x00000007bdc08000,0x00000007c0000000)
  to   space 49152K, 0% used [0x00000007b9f00000,0x00000007b9f00000,0x00000007bcf00000)
 ParOldGen       total 699392K, used 244665K [0x0000000780000000, 0x00000007aab00000, 0x00000007aab00000)
  object space 699392K, 34% used [0x0000000780000000,0x000000078eeee410,0x00000007aab00000)
 Metaspace       used 73507K, capacity 74250K, committed 74368K, reserved 1110016K
  class space    used 13100K, capacity 13335K, committed 13440K, reserved 1048576K
Event: 52.964 GC heap after
Heap after GC invocations=24 (full 1):
 PSYoungGen      total 299008K, used 18528K [0x00000007aab00000, 0x00000007c0000000, 0x00000007c0000000)
  eden space 249856K, 0% used [0x00000007aab00000,0x00000007aab00000,0x00000007b9f00000)
  from space 49152K, 37% used [0x00000007b9f00000,0x00000007bb118000,0x00000007bcf00000)
  to   space 47104K, 0% used [0x00000007bd200000,0x00000007bd200000,0x00000007c0000000)
 ParOldGen       total 699392K, used 250058K [0x0000000780000000, 0x00000007aab00000, 0x00000007aab00000)
  object space 699392K, 35% used [0x0000000780000000,0x000000078f432830,0x00000007aab00000)
 Metaspace       used 73507K, capacity 74250K, committed 74368K, reserved 1110016K
  class space    used 13100K, capacity 13335K, committed 13440K, reserved 1048576K
}
Event: 54.456 GC heap before
{Heap before GC invocations=25 (full 1):
 PSYoungGen      total 299008K, used 268384K [0x00000007aab00000, 0x00000007c0000000, 0x00000007c0000000)
  eden space 249856K, 100% used [0x00000007aab00000,0x00000007b9f00000,0x00000007b9f00000)
  from space 49152K, 37% used [0x00000007b9f00000,0x00000007bb118000,0x00000007bcf00000)
  to   space 47104K, 0% used [0x00000007bd200000,0x00000007bd200000,0x00000007c0000000)
 ParOldGen       total 699392K, used 250058K [0x0000000780000000, 0x00000007aab00000, 0x00000007aab00000)
  object space 699392K, 35% used [0x0000000780000000,0x000000078f432830,0x00000007aab00000)
 Metaspace       used 73507K, capacity 74250K, committed 74368K, reserved 1110016K
  class space    used 13100K, capacity 13335K, committed 13440K, reserved 1048576K
Event: 54.487 GC heap after
Heap after GC invocations=25 (full 1):
 PSYoungGen      total 302592K, used 27776K [0x00000007aab00000, 0x00000007c0000000, 0x00000007c0000000)
  eden space 255488K, 0% used [0x00000007aab00000,0x00000007aab00000,0x00000007ba480000)
  from space 47104K, 58% used [0x00000007bd200000,0x00000007bed20000,0x00000007c0000000)
  to   space 46592K, 0% used [0x00000007ba480000,0x00000007ba480000,0x00000007bd200000)
 ParOldGen       total 699392K, used 266874K [0x0000000780000000, 0x00000007aab00000, 0x00000007aab00000)
  object space 699392K, 38% used [0x0000000780000000,0x000000079049e9e0,0x00000007aab00000)
 Metaspace       used 73507K, capacity 74250K, committed 74368K, reserved 1110016K
  class space    used 13100K, capacity 13335K, committed 13440K, reserved 1048576K
}
Event: 56.862 GC heap before
{Heap before GC invocations=26 (full 1):
 PSYoungGen      total 302592K, used 283264K [0x00000007aab00000, 0x00000007c0000000, 0x00000007c0000000)
  eden space 255488K, 100% used [0x00000007aab00000,0x00000007ba480000,0x00000007ba480000)
  from space 47104K, 58% used [0x00000007bd200000,0x00000007bed20000,0x00000007c0000000)
  to   space 46592K, 0% used [0x00000007ba480000,0x00000007ba480000,0x00000007bd200000)
 ParOldGen       total 699392K, used 266874K [0x0000000780000000, 0x00000007aab00000, 0x00000007aab00000)
  object space 699392K, 38% used [0x0000000780000000,0x000000079049e9e0,0x00000007aab00000)
 Metaspace       used 73507K, capacity 74250K, committed 74368K, reserved 1110016K
  class space    used 13100K, capacity 13335K, committed 13440K, reserved 1048576K
Event: 56.901 GC heap after
Heap after GC invocations=26 (full 1):
 PSYoungGen      total 302080K, used 14912K [0x00000007aab00000, 0x00000007c0000000, 0x00000007c0000000)
  eden space 255488K, 0% used [0x00000007aab00000,0x00000007aab00000,0x00000007ba480000)
  from space 46592K, 32% used [0x00000007ba480000,0x00000007bb310000,0x00000007bd200000)
  to   space 45568K, 0% used [0x00000007bd380000,0x00000007bd380000,0x00000007c0000000)
 ParOldGen       total 699392K, used 294033K [0x0000000780000000, 0x00000007aab00000, 0x00000007aab00000)
  object space 699392K, 42% used [0x0000000780000000,0x0000000791f24420,0x00000007aab00000)
 Metaspace       used 73507K, capacity 74250K, committed 74368K, reserved 1110016K
  class space    used 13100K, capacity 13335K, committed 13440K, reserved 1048576K
}

Deoptimization events (10 events):
Event: 20.227 Thread 0x00007fdff660e800 Uncommon trap: reason=bimorphic action=maybe_recompile pc=0x000000010913c820 method=java.util.concurrent.ConcurrentHashMap.putVal(Ljava/lang/Object;Ljava/lang/Object;Z)Ljava/lang/Object; @ 192
Event: 20.400 Thread 0x00007fdff48ec000 Uncommon trap: reason=bimorphic action=maybe_recompile pc=0x000000010a0fd958 method=java.util.Collections$UnmodifiableCollection$1.next()Ljava/lang/Object; @ 4
Event: 20.400 Thread 0x00007fdff48ec000 Uncommon trap: reason=bimorphic action=maybe_recompile pc=0x000000010a0fd958 method=java.util.Collections$UnmodifiableCollection$1.next()Ljava/lang/Object; @ 4
Event: 23.306 Thread 0x00007fdff3807000 Uncommon trap: reason=unreached action=reinterpret pc=0x00000001095fbef4 method=scala.concurrent.forkjoin.ForkJoinPool.scan(Lscala/concurrent/forkjoin/ForkJoinPool$WorkQueue;)Lscala/concurrent/forkjoin/ForkJoinTask; @ 187
Event: 23.306 Thread 0x00007fdff5d80800 Uncommon trap: reason=unreached action=reinterpret pc=0x00000001095fbef4 method=scala.concurrent.forkjoin.ForkJoinPool.scan(Lscala/concurrent/forkjoin/ForkJoinPool$WorkQueue;)Lscala/concurrent/forkjoin/ForkJoinTask; @ 187
Event: 32.947 Thread 0x00007fdff4152800 Uncommon trap: reason=unreached action=reinterpret pc=0x0000000109d76fa0 method=scala.concurrent.impl.Promise$DefaultPromise.root()Lscala/concurrent/impl/Promise$DefaultPromise; @ 9
Event: 52.211 Thread 0x00007fdff48ec000 Uncommon trap: reason=unreached action=reinterpret pc=0x000000010a3b3540 method=java.util.concurrent.ConcurrentHashMap.addCount(JI)V @ 7
Event: 52.211 Thread 0x00007fdff48ec000 Uncommon trap: reason=unreached action=reinterpret pc=0x0000000109148f54 method=java.util.concurrent.ConcurrentHashMap.addCount(JI)V @ 7
Event: 52.214 Thread 0x00007fdff660e800 Uncommon trap: reason=unreached action=reinterpret pc=0x000000010a3c5744 method=java.util.concurrent.ConcurrentHashMap.addCount(JI)V @ 7
Event: 52.276 Thread 0x00007fdff660e800 Uncommon trap: reason=unreached action=reinterpret pc=0x000000010a3a5fb8 method=java.util.concurrent.ConcurrentHashMap.sumCount()J @ 11

Internal exceptions (10 events):
Event: 20.403 Thread 0x00007fdff48ec000 Exception <a 'java/security/PrivilegedActionException'> (0x00000007ae08f2c8) thrown at [/HUDSON3/workspace/8-2-build-macosx-x86_64/jdk8u20/1074/hotspot/src/share/vm/prims/jvm.cpp, line 1275]
Event: 20.403 Thread 0x00007fdff48ec000 Exception <a 'java/security/PrivilegedActionException'> (0x00000007ae08fbc8) thrown at [/HUDSON3/workspace/8-2-build-macosx-x86_64/jdk8u20/1074/hotspot/src/share/vm/prims/jvm.cpp, line 1275]
Event: 20.422 Thread 0x00007fdff697d800 Exception <a 'java/security/PrivilegedActionException'> (0x00000007ae3c8948) thrown at [/HUDSON3/workspace/8-2-build-macosx-x86_64/jdk8u20/1074/hotspot/src/share/vm/prims/jvm.cpp, line 1275]
Event: 21.478 Thread 0x00007fdff697d800 Exception <a 'java/security/PrivilegedActionException'> (0x00000007b79ad5c8) thrown at [/HUDSON3/workspace/8-2-build-macosx-x86_64/jdk8u20/1074/hotspot/src/share/vm/prims/jvm.cpp, line 1275]
Event: 21.664 Thread 0x00007fdff709f800 Exception <a 'java/security/PrivilegedActionException'> (0x00000007b918bbb0) thrown at [/HUDSON3/workspace/8-2-build-macosx-x86_64/jdk8u20/1074/hotspot/src/share/vm/prims/jvm.cpp, line 1275]
Event: 22.174 Thread 0x00007fdff5d80800 Exception <a 'java/security/PrivilegedActionException'> (0x00000007ae3a9770) thrown at [/HUDSON3/workspace/8-2-build-macosx-x86_64/jdk8u20/1074/hotspot/src/share/vm/prims/jvm.cpp, line 1275]
Event: 40.524 Thread 0x00007fdff5899800 Exception <a 'java/security/PrivilegedActionException'> (0x00000007aff1aa48) thrown at [/HUDSON3/workspace/8-2-build-macosx-x86_64/jdk8u20/1074/hotspot/src/share/vm/prims/jvm.cpp, line 1275]
Event: 40.525 Thread 0x00007fdff5899800 Exception <a 'java/security/PrivilegedActionException'> (0x00000007b014d898) thrown at [/HUDSON3/workspace/8-2-build-macosx-x86_64/jdk8u20/1074/hotspot/src/share/vm/prims/jvm.cpp, line 1275]
Event: 40.525 Thread 0x00007fdff5899800 Exception <a 'java/security/PrivilegedActionException'> (0x00000007b01558a8) thrown at [/HUDSON3/workspace/8-2-build-macosx-x86_64/jdk8u20/1074/hotspot/src/share/vm/prims/jvm.cpp, line 1275]
Event: 50.075 Thread 0x00007fdff4152800 Exception <a 'java/security/PrivilegedActionException'> (0x00000007b2c01940) thrown at [/HUDSON3/workspace/8-2-build-macosx-x86_64/jdk8u20/1074/hotspot/src/share/vm/prims/jvm.cpp, line 1275]

Events (10 events):
Event: 52.214 Thread 0x00007fdff660e800 DEOPT UNPACKING pc=0x0000000108c22f69 sp=0x00000001269bd520 mode 2
Event: 52.276 Thread 0x00007fdff660e800 Uncommon trap: trap_request=0xffffffad fr.pc=0x000000010a3a5fb8
Event: 52.276 Thread 0x00007fdff660e800 DEOPT PACKING pc=0x000000010a3a5fb8 sp=0x00000001269bd610
Event: 52.276 Thread 0x00007fdff660e800 DEOPT UNPACKING pc=0x0000000108c22f69 sp=0x00000001269bd5a8 mode 2
Event: 52.947 Executing VM operation: ParallelGCFailedAllocation
Event: 52.964 Executing VM operation: ParallelGCFailedAllocation done
Event: 54.456 Executing VM operation: ParallelGCFailedAllocation
Event: 54.487 Executing VM operation: ParallelGCFailedAllocation done
Event: 56.861 Executing VM operation: ParallelGCFailedAllocation
Event: 56.902 Executing VM operation: ParallelGCFailedAllocation done


Dynamic libraries:
0x000000000b36a000 	/System/Library/Frameworks/Cocoa.framework/Versions/A/Cocoa
0x000000000b36a000 	/System/Library/Frameworks/Security.framework/Versions/A/Security
0x000000000b36a000 	/System/Library/Frameworks/ApplicationServices.framework/Versions/A/ApplicationServices
0x000000000b36a000 	/usr/lib/libz.1.dylib
0x000000000b36a000 	/usr/lib/libSystem.B.dylib
0x000000000b36a000 	/usr/lib/libobjc.A.dylib
0x000000000b36a000 	/System/Library/Frameworks/CoreFoundation.framework/Versions/A/CoreFoundation
0x000000000b36a000 	/System/Library/Frameworks/Foundation.framework/Versions/C/Foundation
0x000000000b36a000 	/System/Library/Frameworks/AppKit.framework/Versions/C/AppKit
0x000000000b36a000 	/System/Library/Frameworks/CoreData.framework/Versions/A/CoreData
0x000000000b36a000 	/System/Library/PrivateFrameworks/RemoteViewServices.framework/Versions/A/RemoteViewServices
0x000000000b36a000 	/System/Library/PrivateFrameworks/UIFoundation.framework/Versions/A/UIFoundation
0x000000000b36a000 	/System/Library/Frameworks/IOSurface.framework/Versions/A/IOSurface
0x000000000b36a000 	/System/Library/Frameworks/AudioToolbox.framework/Versions/A/AudioToolbox
0x000000000b36a000 	/System/Library/Frameworks/AudioUnit.framework/Versions/A/AudioUnit
0x000000000b36a000 	/System/Library/PrivateFrameworks/DataDetectorsCore.framework/Versions/A/DataDetectorsCore
0x000000000b36a000 	/System/Library/PrivateFrameworks/DesktopServicesPriv.framework/Versions/A/DesktopServicesPriv
0x000000000b36a000 	/System/Library/Frameworks/Carbon.framework/Versions/A/Frameworks/HIToolbox.framework/Versions/A/HIToolbox
0x000000000b36a000 	/System/Library/Frameworks/QuartzCore.framework/Versions/A/QuartzCore
0x000000000b36a000 	/System/Library/Frameworks/Carbon.framework/Versions/A/Frameworks/SpeechRecognition.framework/Versions/A/SpeechRecognition
0x000000000b36a000 	/usr/lib/libauto.dylib
0x000000000b36a000 	/usr/lib/libicucore.A.dylib
0x000000000b36a000 	/usr/lib/libxml2.2.dylib
0x000000000b36a000 	/System/Library/PrivateFrameworks/CoreUI.framework/Versions/A/CoreUI
0x000000000b36a000 	/System/Library/Frameworks/CoreAudio.framework/Versions/A/CoreAudio
0x000000000b36a000 	/System/Library/Frameworks/DiskArbitration.framework/Versions/A/DiskArbitration
0x000000000b36a000 	/usr/lib/liblangid.dylib
0x000000000b36a000 	/System/Library/PrivateFrameworks/MultitouchSupport.framework/Versions/A/MultitouchSupport
0x000000000b36a000 	/System/Library/Frameworks/IOKit.framework/Versions/A/IOKit
0x000000000b36a000 	/usr/lib/libDiagnosticMessagesClient.dylib
0x000000000b36a000 	/System/Library/Frameworks/CoreServices.framework/Versions/A/CoreServices
0x000000000b36a000 	/System/Library/PrivateFrameworks/PerformanceAnalysis.framework/Versions/A/PerformanceAnalysis
0x000000000b36a000 	/System/Library/PrivateFrameworks/GenerationalStorage.framework/Versions/A/GenerationalStorage
0x000000000b36a000 	/System/Library/Frameworks/OpenGL.framework/Versions/A/OpenGL
0x000000000b36a000 	/System/Library/PrivateFrameworks/Sharing.framework/Versions/A/Sharing
0x000000000b36a000 	/System/Library/Frameworks/CoreGraphics.framework/Versions/A/CoreGraphics
0x000000000b36a000 	/System/Library/Frameworks/CoreText.framework/Versions/A/CoreText
0x000000000b36a000 	/System/Library/Frameworks/ImageIO.framework/Versions/A/ImageIO
0x000000000b36a000 	/usr/lib/libextension.dylib
0x000000000b36a000 	/System/Library/PrivateFrameworks/Backup.framework/Versions/A/Backup
0x000000000b36a000 	/usr/lib/libarchive.2.dylib
0x000000000b36a000 	/System/Library/Frameworks/CFNetwork.framework/Versions/A/CFNetwork
0x000000000b36a000 	/System/Library/Frameworks/SystemConfiguration.framework/Versions/A/SystemConfiguration
0x000000000b36a000 	/usr/lib/libCRFSuite.dylib
0x000000000b36a000 	/usr/lib/libc++.1.dylib
0x000000000b36a000 	/usr/lib/libc++abi.dylib
0x000000000b36a000 	/usr/lib/system/libcache.dylib
0x000000000b36a000 	/usr/lib/system/libcommonCrypto.dylib
0x000000000b36a000 	/usr/lib/system/libcompiler_rt.dylib
0x000000000b36a000 	/usr/lib/system/libcopyfile.dylib
0x000000000b36a000 	/usr/lib/system/libcorecrypto.dylib
0x000000000b36a000 	/usr/lib/system/libdispatch.dylib
0x000000000b36a000 	/usr/lib/system/libdyld.dylib
0x000000000b36a000 	/usr/lib/system/libkeymgr.dylib
0x000000000b36a000 	/usr/lib/system/liblaunch.dylib
0x000000000b36a000 	/usr/lib/system/libmacho.dylib
0x000000000b36a000 	/usr/lib/system/libquarantine.dylib
0x000000000b36a000 	/usr/lib/system/libremovefile.dylib
0x000000000b36a000 	/usr/lib/system/libsystem_asl.dylib
0x000000000b36a000 	/usr/lib/system/libsystem_blocks.dylib
0x000000000b36a000 	/usr/lib/system/libsystem_c.dylib
0x000000000b36a000 	/usr/lib/system/libsystem_configuration.dylib
0x000000000b36a000 	/usr/lib/system/libsystem_coreservices.dylib
0x000000000b36a000 	/usr/lib/system/libsystem_coretls.dylib
0x000000000b36a000 	/usr/lib/system/libsystem_dnssd.dylib
0x000000000b36a000 	/usr/lib/system/libsystem_info.dylib
0x000000000b36a000 	/usr/lib/system/libsystem_kernel.dylib
0x000000000b36a000 	/usr/lib/system/libsystem_m.dylib
0x000000000b36a000 	/usr/lib/system/libsystem_malloc.dylib
0x000000000b36a000 	/usr/lib/system/libsystem_network.dylib
0x000000000b36a000 	/usr/lib/system/libsystem_networkextension.dylib
0x000000000b36a000 	/usr/lib/system/libsystem_notify.dylib
0x000000000b36a000 	/usr/lib/system/libsystem_platform.dylib
0x000000000b36a000 	/usr/lib/system/libsystem_pthread.dylib
0x000000000b36a000 	/usr/lib/system/libsystem_sandbox.dylib
0x000000000b36a000 	/usr/lib/system/libsystem_secinit.dylib
0x000000000b36a000 	/usr/lib/system/libsystem_stats.dylib
0x000000000b36a000 	/usr/lib/system/libsystem_trace.dylib
0x000000000b36a000 	/usr/lib/system/libunc.dylib
0x000000000b36a000 	/usr/lib/system/libunwind.dylib
0x000000000b36a000 	/usr/lib/system/libxpc.dylib
0x000000000b36a000 	/usr/lib/libbz2.1.0.dylib
0x000000000b36a000 	/usr/lib/liblzma.5.dylib
0x000000000b36a000 	/usr/lib/libbsm.0.dylib
0x000000000b36a000 	/usr/lib/libsqlite3.dylib
0x000000000b36a000 	/usr/lib/system/libkxld.dylib
0x000000000b36a000 	/usr/lib/libxar.1.dylib
0x000000000b36a000 	/usr/lib/libpam.2.dylib
0x000000000b36a000 	/usr/lib/libOpenScriptingUtil.dylib
0x000000000b36a000 	/System/Library/Frameworks/CoreServices.framework/Versions/A/Frameworks/FSEvents.framework/Versions/A/FSEvents
0x000000000b36a000 	/System/Library/Frameworks/CoreServices.framework/Versions/A/Frameworks/CarbonCore.framework/Versions/A/CarbonCore
0x000000000b36a000 	/System/Library/Frameworks/CoreServices.framework/Versions/A/Frameworks/Metadata.framework/Versions/A/Metadata
0x000000000b36a000 	/System/Library/Frameworks/CoreServices.framework/Versions/A/Frameworks/OSServices.framework/Versions/A/OSServices
0x000000000b36a000 	/System/Library/Frameworks/CoreServices.framework/Versions/A/Frameworks/SearchKit.framework/Versions/A/SearchKit
0x000000000b36a000 	/System/Library/Frameworks/CoreServices.framework/Versions/A/Frameworks/AE.framework/Versions/A/AE
0x000000000b36a000 	/System/Library/Frameworks/CoreServices.framework/Versions/A/Frameworks/LaunchServices.framework/Versions/A/LaunchServices
0x000000000b36a000 	/System/Library/Frameworks/CoreServices.framework/Versions/A/Frameworks/DictionaryServices.framework/Versions/A/DictionaryServices
0x000000000b36a000 	/System/Library/Frameworks/NetFS.framework/Versions/A/NetFS
0x000000000b36a000 	/System/Library/PrivateFrameworks/NetAuth.framework/Versions/A/NetAuth
0x000000000b36a000 	/System/Library/PrivateFrameworks/login.framework/Versions/A/Frameworks/loginsupport.framework/Versions/A/loginsupport
0x000000000b36a000 	/System/Library/PrivateFrameworks/TCC.framework/Versions/A/TCC
0x000000000b36a000 	/usr/lib/libmecabra.dylib
0x000000000b36a000 	/System/Library/Frameworks/ApplicationServices.framework/Versions/A/Frameworks/ATS.framework/Versions/A/ATS
0x000000000b36a000 	/System/Library/Frameworks/ApplicationServices.framework/Versions/A/Frameworks/ColorSync.framework/Versions/A/ColorSync
0x000000000b36a000 	/System/Library/Frameworks/ApplicationServices.framework/Versions/A/Frameworks/HIServices.framework/Versions/A/HIServices
0x000000000b36a000 	/System/Library/Frameworks/ApplicationServices.framework/Versions/A/Frameworks/LangAnalysis.framework/Versions/A/LangAnalysis
0x000000000b36a000 	/System/Library/Frameworks/ApplicationServices.framework/Versions/A/Frameworks/PrintCore.framework/Versions/A/PrintCore
0x000000000b36a000 	/System/Library/Frameworks/ApplicationServices.framework/Versions/A/Frameworks/QD.framework/Versions/A/QD
0x000000000b36a000 	/System/Library/Frameworks/ApplicationServices.framework/Versions/A/Frameworks/SpeechSynthesis.framework/Versions/A/SpeechSynthesis
0x000000000b36a000 	/System/Library/Frameworks/Accelerate.framework/Versions/A/Accelerate
0x000000000b36a000 	/System/Library/Frameworks/Accelerate.framework/Versions/A/Frameworks/vImage.framework/Versions/A/vImage
0x000000000b36a000 	/System/Library/Frameworks/Accelerate.framework/Versions/A/Frameworks/vecLib.framework/Versions/A/vecLib
0x000000000b36a000 	/System/Library/Frameworks/Accelerate.framework/Versions/A/Frameworks/vecLib.framework/Versions/A/libvDSP.dylib
0x000000000b36a000 	/System/Library/Frameworks/Accelerate.framework/Versions/A/Frameworks/vecLib.framework/Versions/A/libvMisc.dylib
0x000000000b36a000 	/System/Library/Frameworks/Accelerate.framework/Versions/A/Frameworks/vecLib.framework/Versions/A/libLAPACK.dylib
0x000000000b36a000 	/System/Library/Frameworks/Accelerate.framework/Versions/A/Frameworks/vecLib.framework/Versions/A/libBLAS.dylib
0x000000000b36a000 	/System/Library/Frameworks/Accelerate.framework/Versions/A/Frameworks/vecLib.framework/Versions/A/libLinearAlgebra.dylib
0x000000000b36a000 	/System/Library/Frameworks/ApplicationServices.framework/Versions/A/Frameworks/ATS.framework/Versions/A/Resources/libFontParser.dylib
0x000000000b36a000 	/System/Library/Frameworks/ApplicationServices.framework/Versions/A/Frameworks/ATS.framework/Versions/A/Resources/libFontRegistry.dylib
0x000000000b36a000 	/System/Library/PrivateFrameworks/AppleVPA.framework/Versions/A/AppleVPA
0x000000000b36a000 	/System/Library/PrivateFrameworks/AppleJPEG.framework/Versions/A/AppleJPEG
0x000000000b36a000 	/System/Library/Frameworks/ImageIO.framework/Versions/A/Resources/libJPEG.dylib
0x000000000b36a000 	/System/Library/Frameworks/ImageIO.framework/Versions/A/Resources/libTIFF.dylib
0x000000000b36a000 	/System/Library/Frameworks/ImageIO.framework/Versions/A/Resources/libPng.dylib
0x000000000b36a000 	/System/Library/Frameworks/ImageIO.framework/Versions/A/Resources/libGIF.dylib
0x000000000b36a000 	/System/Library/Frameworks/ImageIO.framework/Versions/A/Resources/libJP2.dylib
0x000000000b36a000 	/System/Library/Frameworks/ImageIO.framework/Versions/A/Resources/libRadiance.dylib
0x000000000b36a000 	/System/Library/Frameworks/CoreVideo.framework/Versions/A/CoreVideo
0x000000000b36a000 	/System/Library/Frameworks/OpenGL.framework/Versions/A/Libraries/libGLU.dylib
0x000000000b36a000 	/System/Library/Frameworks/OpenGL.framework/Versions/A/Libraries/libGFXShared.dylib
0x000000000b36a000 	/System/Library/Frameworks/OpenGL.framework/Versions/A/Libraries/libGL.dylib
0x000000000b36a000 	/System/Library/Frameworks/OpenGL.framework/Versions/A/Libraries/libGLImage.dylib
0x000000000b36a000 	/System/Library/Frameworks/OpenGL.framework/Versions/A/Libraries/libCVMSPluginSupport.dylib
0x000000000b36a000 	/System/Library/Frameworks/OpenGL.framework/Versions/A/Libraries/libCoreVMClient.dylib
0x000000000b36a000 	/usr/lib/libcups.2.dylib
0x000000000b36a000 	/System/Library/Frameworks/Kerberos.framework/Versions/A/Kerberos
0x000000000b36a000 	/System/Library/Frameworks/GSS.framework/Versions/A/GSS
0x000000000b36a000 	/usr/lib/libresolv.9.dylib
0x000000000b36a000 	/usr/lib/libiconv.2.dylib
0x000000000b36a000 	/System/Library/PrivateFrameworks/Heimdal.framework/Versions/A/Heimdal
0x000000000b36a000 	/usr/lib/libheimdal-asn1.dylib
0x000000000b36a000 	/System/Library/Frameworks/OpenDirectory.framework/Versions/A/OpenDirectory
0x000000000b36a000 	/System/Library/PrivateFrameworks/CommonAuth.framework/Versions/A/CommonAuth
0x000000000b36a000 	/System/Library/Frameworks/OpenDirectory.framework/Versions/A/Frameworks/CFOpenDirectory.framework/Versions/A/CFOpenDirectory
0x000000000b36a000 	/System/Library/Frameworks/SecurityFoundation.framework/Versions/A/SecurityFoundation
0x000000000b36a000 	/System/Library/PrivateFrameworks/LanguageModeling.framework/Versions/A/LanguageModeling
0x000000000b36a000 	/usr/lib/libcmph.dylib
0x000000000b36a000 	/System/Library/Frameworks/ServiceManagement.framework/Versions/A/ServiceManagement
0x000000000b36a000 	/usr/lib/libxslt.1.dylib
0x000000000b36a000 	/System/Library/Frameworks/Carbon.framework/Versions/A/Frameworks/Ink.framework/Versions/A/Ink
0x000000000b36a000 	/System/Library/Frameworks/QuartzCore.framework/Versions/A/Frameworks/CoreImage.framework/Versions/A/CoreImage
0x000000000b36a000 	/System/Library/PrivateFrameworks/CrashReporterSupport.framework/Versions/A/CrashReporterSupport
0x000000000b36a000 	/System/Library/Frameworks/OpenCL.framework/Versions/A/OpenCL
0x000000000b36a000 	/System/Library/PrivateFrameworks/FaceCore.framework/Versions/A/FaceCore
0x000000000b36a000 	/System/Library/PrivateFrameworks/Ubiquity.framework/Versions/A/Ubiquity
0x000000000b36a000 	/System/Library/PrivateFrameworks/IconServices.framework/Versions/A/IconServices
0x000000000b36a000 	/System/Library/PrivateFrameworks/ChunkingLibrary.framework/Versions/A/ChunkingLibrary
0x000000000b36a000 	/System/Library/PrivateFrameworks/Apple80211.framework/Versions/A/Apple80211
0x000000000b36a000 	/System/Library/Frameworks/CoreWLAN.framework/Versions/A/CoreWLAN
0x000000000b36a000 	/System/Library/Frameworks/IOBluetooth.framework/Versions/A/IOBluetooth
0x000000000b36a000 	/System/Library/PrivateFrameworks/CoreWiFi.framework/Versions/A/CoreWiFi
0x000000000b36a000 	/System/Library/Frameworks/CoreBluetooth.framework/Versions/A/CoreBluetooth
0x000000000b36a000 	/System/Library/PrivateFrameworks/DebugSymbols.framework/Versions/A/DebugSymbols
0x000000000b36a000 	/System/Library/PrivateFrameworks/CoreSymbolication.framework/Versions/A/CoreSymbolication
0x000000000b36a000 	/System/Library/PrivateFrameworks/Symbolication.framework/Versions/A/Symbolication
0x000000000b36a000 	/System/Library/PrivateFrameworks/SpeechRecognitionCore.framework/Versions/A/SpeechRecognitionCore
0x0000000107c00000 	/Library/Java/JavaVirtualMachines/jdk1.8.0_20.jdk/Contents/Home/jre/lib/server/libjvm.dylib
0x000000000b36a000 	/usr/lib/libstdc++.6.dylib
0x0000000106b65000 	/Library/Java/JavaVirtualMachines/jdk1.8.0_20.jdk/Contents/Home/jre/lib/libverify.dylib
0x0000000106b73000 	/Library/Java/JavaVirtualMachines/jdk1.8.0_20.jdk/Contents/Home/jre/lib/libjava.dylib
0x0000000106bb1000 	/Library/Java/JavaVirtualMachines/jdk1.8.0_20.jdk/Contents/Home/jre/lib/libzip.dylib
0x000000011d759000 	/System/Library/Frameworks/JavaVM.framework/Frameworks/JavaRuntimeSupport.framework/JavaRuntimeSupport
0x000000011d76f000 	/System/Library/Frameworks/JavaVM.framework/Versions/A/Frameworks/JavaNativeFoundation.framework/Versions/A/JavaNativeFoundation
0x0000000106bee000 	/System/Library/Frameworks/JavaVM.framework/Versions/A/JavaVM
0x000000000b36a000 	/System/Library/Frameworks/Carbon.framework/Versions/A/Carbon
0x000000011d783000 	/System/Library/PrivateFrameworks/JavaLaunching.framework/Versions/A/JavaLaunching
0x000000000b36a000 	/System/Library/Frameworks/Carbon.framework/Versions/A/Frameworks/CommonPanels.framework/Versions/A/CommonPanels
0x000000000b36a000 	/System/Library/Frameworks/Carbon.framework/Versions/A/Frameworks/Help.framework/Versions/A/Help
0x000000000b36a000 	/System/Library/Frameworks/Carbon.framework/Versions/A/Frameworks/ImageCapture.framework/Versions/A/ImageCapture
0x000000000b36a000 	/System/Library/Frameworks/Carbon.framework/Versions/A/Frameworks/OpenScripting.framework/Versions/A/OpenScripting
0x000000000b36a000 	/System/Library/Frameworks/Carbon.framework/Versions/A/Frameworks/Print.framework/Versions/A/Print
0x000000000b36a000 	/System/Library/Frameworks/Carbon.framework/Versions/A/Frameworks/SecurityHI.framework/Versions/A/SecurityHI
0x000000011f6bf000 	/Library/Java/JavaVirtualMachines/jdk1.8.0_20.jdk/Contents/Home/jre/lib/libnet.dylib
0x000000011f71e000 	/Library/Java/JavaVirtualMachines/jdk1.8.0_20.jdk/Contents/Home/jre/lib/libnio.dylib
0x000000012247e000 	/Library/Java/JavaVirtualMachines/jdk1.8.0_20.jdk/Contents/Home/jre/lib/libmanagement.dylib
0x0000000122079000 	/Users/clsmac/develop/codes/itooii-api/target/native_libraries/64bits/libjnotify.jnilib

VM Arguments:
jvm_args: -Dactivator.home=/Users/clsmac/develop/codes/activator-1.2.12-minimal -Xms1024m -Xmx1024m -XX:MetaspaceSize=64m -XX:MaxMetaspaceSize=256m 
java_command: /Users/clsmac/develop/codes/activator-1.2.12-minimal/activator-launch-1.2.12.jar run
java_class_path (initial): /Users/clsmac/develop/codes/activator-1.2.12-minimal/activator-launch-1.2.12.jar
Launcher Type: SUN_STANDARD

Environment Variables:
JAVA_HOME=/Library/Java/JavaVirtualMachines/jdk1.8.0_20.jdk/Contents/Home
PATH=~/bin:/Applications/XAMPP/bin:/usr/local/bin:/usr/bin:/bin:/usr/sbin:/sbin:/usr/local/git/bin:/Users/clsmac/develop/scripts:/Users/clsmac/develop/xyz
SHELL=/bin/bash

Signal Handlers:
SIGSEGV: [libjvm.dylib+0x578fd7], sa_mask[0]=11111111011111110111111111111111, sa_flags=SA_ONSTACK|SA_RESTART|SA_SIGINFO
SIGBUS: [libjvm.dylib+0x578fd7], sa_mask[0]=11111111011111110111111111111111, sa_flags=SA_RESTART|SA_SIGINFO
SIGFPE: [libjvm.dylib+0x45ab0c], sa_mask[0]=11111111011111110111111111111111, sa_flags=SA_RESTART|SA_SIGINFO
SIGPIPE: [libjvm.dylib+0x45ab0c], sa_mask[0]=11111111011111110111111111111111, sa_flags=SA_RESTART|SA_SIGINFO
SIGXFSZ: [libjvm.dylib+0x45ab0c], sa_mask[0]=11111111011111110111111111111111, sa_flags=SA_RESTART|SA_SIGINFO
SIGILL: [libjvm.dylib+0x45ab0c], sa_mask[0]=11111111011111110111111111111111, sa_flags=SA_RESTART|SA_SIGINFO
SIGUSR1: SIG_DFL, sa_mask[0]=11011111011111100000000111000110, sa_flags=none
SIGUSR2: [libjvm.dylib+0x45a62a], sa_mask[0]=00000000000000000000000000000000, sa_flags=SA_RESTART|SA_SIGINFO
SIGHUP: [libjvm.dylib+0x458bfd], sa_mask[0]=11111111011111110111111111111111, sa_flags=SA_RESTART|SA_SIGINFO
SIGINT: [libjvm.dylib+0x458bfd], sa_mask[0]=11111111011111110111111111111111, sa_flags=SA_RESTART|SA_SIGINFO
SIGTERM: [libjvm.dylib+0x458bfd], sa_mask[0]=11111111011111110111111111111111, sa_flags=SA_RESTART|SA_SIGINFO
SIGQUIT: [libjvm.dylib+0x458bfd], sa_mask[0]=11111111011111110111111111111111, sa_flags=SA_RESTART|SA_SIGINFO


---------------  S Y S T E M  ---------------

OS:Bsduname:Darwin 14.1.0 Darwin Kernel Version 14.1.0: Thu Feb 26 19:26:47 PST 2015; root:xnu-2782.10.73~1/RELEASE_X86_64 x86_64
rlimit: STACK 8192k, CORE 0k, NPROC 709, NOFILE 10240, AS infinity
load average:2.38 2.40 2.31

CPU:total 8 (4 cores per cpu, 2 threads per core) family 6 model 70 stepping 1, cmov, cx8, fxsr, mmx, sse, sse2, sse3, ssse3, sse4.1, sse4.2, popcnt, avx, avx2, aes, clmul, erms, rtm, lzcnt, ht, tsc, tscinvbit, bmi1, bmi2

Memory: 4k page, physical 16777216k(40616k free)

/proc/meminfo:


vm_info: Java HotSpot(TM) 64-Bit Server VM (25.20-b23) for bsd-amd64 JRE (1.8.0_20-b26), built on Jul 30 2014 13:37:47 by "java_re" with gcc 4.2.1 (Based on Apple Inc. build 5658) (LLVM build 2336.9.00)

time: Fri Apr  3 00:54:33 2015
elapsed time: 57 seconds (0d 0h 0m 57s)

